<?xml version="1.0" encoding="UTF-8"?>
<testsuite name="MainSpecification" tests="1" skipped="0" failures="0" errors="0" timestamp="2016-02-07T16:39:30" hostname="Jerusalem" time="0.044">
  <properties/>
  <testcase name="shouldXyz" classname="MainSpecification" time="0.044"/>
  <system-out><![CDATA[]]></system-out>
  <system-err><![CDATA[]]></system-err>
</testsuite>
