<?xml version="1.0" encoding="UTF-8"?>
<!-- Generated by org.testng.reporters.JUnitReportReporter -->
<testsuite hostname="Jerusalem" name="com.github.grzesiek_galezowski.test_environment.XAssertAllSpecification" tests="2" failures="0" timestamp="31 Mar 2016 05:15:01 GMT" time="0.266" errors="0">
  <testcase name="shouldAllowMakingSoftAssertionsAndNotThrowAtTheEndWhenNoAssertionsFail" time="0.253" classname="com.github.grzesiek_galezowski.test_environment.XAssertAllSpecification"/>
  <testcase name="shouldAllowMakingSoftAssertionsAndThrowAtTheEnd" time="0.013" classname="com.github.grzesiek_galezowski.test_environment.XAssertAllSpecification"/>
</testsuite> <!-- com.github.grzesiek_galezowski.test_environment.XAssertAllSpecification -->
