<?xml version="1.0" encoding="UTF-8"?>
<!-- Generated by org.testng.reporters.JUnitReportReporter -->
<testsuite hostname="Jerusalem" name="com.github.grzesiek_galezowski.test_environment.LockingVoidMethodAssertionsSpecification" tests="4" failures="0" timestamp="29 May 2016 21:00:02 GMT" time="0.018" errors="0">
  <testcase name="shouldFailWhenVoidMethodIsNotCalledAtAll" time="0.006" classname="com.github.grzesiek_galezowski.test_environment.LockingVoidMethodAssertionsSpecification"/>
  <testcase name="shouldPassWhenVoidMethodIsCalledCorrectlyInSynchronizedBlock" time="0.002" classname="com.github.grzesiek_galezowski.test_environment.LockingVoidMethodAssertionsSpecification"/>
  <testcase name="shouldFailWhenVoidMethodIsCalledCorrectlyButNotInSynchronizedBlock" time="0.003" classname="com.github.grzesiek_galezowski.test_environment.LockingVoidMethodAssertionsSpecification"/>
  <testcase name="shouldFailWhenVoidMethodIsSynchronizedButCalledWithWrongArguments" time="0.007" classname="com.github.grzesiek_galezowski.test_environment.LockingVoidMethodAssertionsSpecification"/>
</testsuite> <!-- com.github.grzesiek_galezowski.test_environment.LockingVoidMethodAssertionsSpecification -->
