<?xml version="1.0" encoding="UTF-8"?>
<!-- Generated by org.testng.reporters.JUnitReportReporter -->
<testsuite hostname="Jerusalem" name="com.github.grzesiek_galezowski.test_environment.XAssertSpecification" tests="5" failures="0" timestamp="31 Mar 2016 05:15:00 GMT" time="1.775" errors="0">
  <testcase name="shouldAssertOnValueObjectBehavior" time="0.733" classname="com.github.grzesiek_galezowski.test_environment.XAssertSpecification"/>
  <testcase name="shouldAssertOnValueObjectBehaviorWithFluentSyntax" time="0.187" classname="com.github.grzesiek_galezowski.test_environment.XAssertSpecification"/>
  <testcase name="shouldNotFailWhenAssertingThatNoExceptionShouldBeThrownAndThereIsNot" time="0.000" classname="com.github.grzesiek_galezowski.test_environment.XAssertSpecification"/>
  <testcase name="shouldFailWhenAssertingThatNoExceptionShouldBeThrownButThereIs" time="0.021" classname="com.github.grzesiek_galezowski.test_environment.XAssertSpecification"/>
  <testcase name="shouldPerformMutabilityChecksCorrectly" time="0.834" classname="com.github.grzesiek_galezowski.test_environment.XAssertSpecification"/>
</testsuite> <!-- com.github.grzesiek_galezowski.test_environment.XAssertSpecification -->
