<?xml version="1.0" encoding="UTF-8"?>
<!-- Generated by org.testng.reporters.JUnitReportReporter -->
<testsuite hostname="Jerusalem" name="com.github.grzesiek_galezowski.test_environment.implementation_details.SynchronizationAssertionWorkflowSpecification" tests="3" failures="0" timestamp="26 Jun 2016 22:05:20 GMT" time="0.381" errors="0">
  <testcase name="shouldResetTheMockAfterwards" time="0.001" classname="com.github.grzesiek_galezowski.test_environment.implementation_details.SynchronizationAssertionWorkflowSpecification"/>
  <testcase name="shouldPerformAllStepsInCorrectOrder" time="0.372" classname="com.github.grzesiek_galezowski.test_environment.implementation_details.SynchronizationAssertionWorkflowSpecification"/>
  <testcase name="shouldResetTheMockAfterwardsInCaseOfException" time="0.008" classname="com.github.grzesiek_galezowski.test_environment.implementation_details.SynchronizationAssertionWorkflowSpecification"/>
</testsuite> <!-- com.github.grzesiek_galezowski.test_environment.implementation_details.SynchronizationAssertionWorkflowSpecification -->
