<?xml version="1.0" encoding="UTF-8"?>
<!-- Generated by org.testng.reporters.JUnitReportReporter -->
<testsuite hostname="Jerusalem" name="com.github.grzesiek_galezowski.test_environment.XAssertAlikeSpecification" tests="4" failures="0" timestamp="31 Mar 2016 05:15:01 GMT" time="0.022" errors="0">
  <testcase name="shouldCorrectlyAssertOnObjectsUnlikeness" time="0.002" classname="com.github.grzesiek_galezowski.test_environment.XAssertAlikeSpecification"/>
  <testcase name="shouldCorrectlyAssertOnObjectsLikeness" time="0.015" classname="com.github.grzesiek_galezowski.test_environment.XAssertAlikeSpecification"/>
  <testcase name="shouldCorrectlyAssertOnObjectsUnlikenessUsingConditions" time="0.003" classname="com.github.grzesiek_galezowski.test_environment.XAssertAlikeSpecification"/>
  <testcase name="shouldCorrectlyAssertOnObjectsLikenessUsingConditions" time="0.002" classname="com.github.grzesiek_galezowski.test_environment.XAssertAlikeSpecification"/>
</testsuite> <!-- com.github.grzesiek_galezowski.test_environment.XAssertAlikeSpecification -->
