<?xml version="1.0" encoding="UTF-8"?>
<!-- Generated by org.testng.reporters.JUnitReportReporter -->
<testsuite hostname="Jerusalem" name="com.github.grzesiek_galezowski.test_environment.LockingFunctionsAssertionsSpecification" tests="5" failures="0" timestamp="31 Mar 2016 05:14:57 GMT" time="0.873" errors="0">
  <testcase name="shouldFailWhenVoidMethodIsCalledCorrectlyButNotInSynchronizedBlock" time="0.003" classname="com.github.grzesiek_galezowski.test_environment.LockingFunctionsAssertionsSpecification"/>
  <testcase name="shouldPassWhenFunctionIsCalledCorrectlyInSynchronizedBlock" time="0.001" classname="com.github.grzesiek_galezowski.test_environment.LockingFunctionsAssertionsSpecification"/>
  <testcase name="shouldFailWhenFunctionIsNotCalledAtAll" time="0.734" classname="com.github.grzesiek_galezowski.test_environment.LockingFunctionsAssertionsSpecification"/>
  <testcase name="shouldFailWhenFunctionIsSynchronizedButItsReturnValueIsNotPropagatedBack" time="0.133" classname="com.github.grzesiek_galezowski.test_environment.LockingFunctionsAssertionsSpecification"/>
  <testcase name="shouldFailWhenFunctionIsSynchronizedButCalledWithWrongArguments" time="0.002" classname="com.github.grzesiek_galezowski.test_environment.LockingFunctionsAssertionsSpecification"/>
</testsuite> <!-- com.github.grzesiek_galezowski.test_environment.LockingFunctionsAssertionsSpecification -->
