<?xml version="1.0" encoding="UTF-8"?>
<!-- Generated by org.testng.reporters.JUnitReportReporter -->
<testsuite hostname="Jerusalem" name="com.github.grzesiek_galezowski.test_environment.implementation_details.SynchronizationAssertionWorkflowSpecification" tests="3" failures="0" timestamp="2 Apr 2016 19:51:41 GMT" time="0.237" errors="0">
  <testcase name="shouldPerformAllStepsInCorrectOrder" time="0.231" classname="com.github.grzesiek_galezowski.test_environment.implementation_details.SynchronizationAssertionWorkflowSpecification"/>
  <testcase name="shouldResetTheMockAfterwards" time="0.001" classname="com.github.grzesiek_galezowski.test_environment.implementation_details.SynchronizationAssertionWorkflowSpecification"/>
  <testcase name="shouldResetTheMockAfterwardsInCaseOfException" time="0.005" classname="com.github.grzesiek_galezowski.test_environment.implementation_details.SynchronizationAssertionWorkflowSpecification"/>
</testsuite> <!-- com.github.grzesiek_galezowski.test_environment.implementation_details.SynchronizationAssertionWorkflowSpecification -->
