<?xml version="1.0" encoding="UTF-8"?>
<!-- Generated by org.testng.reporters.JUnitReportReporter -->
<testsuite hostname="Jerusalem" name="com.github.grzesiek_galezowski.test_environment.implementation_details.SynchronizationAssertionWorkflowSpecification" tests="3" failures="0" timestamp="29 May 2016 21:04:56 GMT" time="0.016" errors="0">
  <testcase name="shouldResetTheMockAfterwards" time="0.001" classname="com.github.grzesiek_galezowski.test_environment.implementation_details.SynchronizationAssertionWorkflowSpecification"/>
  <testcase name="shouldPerformAllStepsInCorrectOrder" time="0.013" classname="com.github.grzesiek_galezowski.test_environment.implementation_details.SynchronizationAssertionWorkflowSpecification"/>
  <testcase name="shouldResetTheMockAfterwardsInCaseOfException" time="0.002" classname="com.github.grzesiek_galezowski.test_environment.implementation_details.SynchronizationAssertionWorkflowSpecification"/>
</testsuite> <!-- com.github.grzesiek_galezowski.test_environment.implementation_details.SynchronizationAssertionWorkflowSpecification -->
