<?xml version="1.0" encoding="UTF-8"?>
<!-- Generated by org.testng.reporters.JUnitReportReporter -->
<testsuite hostname="Jerusalem" name="com.github.grzesiek_galezowski.test_environment.implementation_details.SynchronizationAssertionWorkflowSpecification" tests="3" failures="0" timestamp="29 May 2016 21:00:02 GMT" time="0.027" errors="0">
  <testcase name="shouldResetTheMockAfterwardsInCaseOfException" time="0.003" classname="com.github.grzesiek_galezowski.test_environment.implementation_details.SynchronizationAssertionWorkflowSpecification"/>
  <testcase name="shouldResetTheMockAfterwards" time="0.001" classname="com.github.grzesiek_galezowski.test_environment.implementation_details.SynchronizationAssertionWorkflowSpecification"/>
  <testcase name="shouldPerformAllStepsInCorrectOrder" time="0.023" classname="com.github.grzesiek_galezowski.test_environment.implementation_details.SynchronizationAssertionWorkflowSpecification"/>
</testsuite> <!-- com.github.grzesiek_galezowski.test_environment.implementation_details.SynchronizationAssertionWorkflowSpecification -->
