<?xml version="1.0" encoding="UTF-8"?>
<!-- Generated by org.testng.reporters.JUnitReportReporter -->
<testsuite hostname="Jerusalem" name="com.github.grzesiek_galezowski.test_environment.XAssertAllSpecification" tests="2" failures="0" timestamp="26 Jun 2016 22:05:26 GMT" time="0.838" errors="0">
  <testcase name="shouldAllowMakingSoftAssertionsAndNotThrowAtTheEndWhenNoAssertionsFail" time="0.808" classname="com.github.grzesiek_galezowski.test_environment.XAssertAllSpecification"/>
  <testcase name="shouldAllowMakingSoftAssertionsAndThrowAtTheEnd" time="0.030" classname="com.github.grzesiek_galezowski.test_environment.XAssertAllSpecification"/>
</testsuite> <!-- com.github.grzesiek_galezowski.test_environment.XAssertAllSpecification -->
