<?xml version="1.0" encoding="UTF-8"?>
<!-- Generated by org.testng.reporters.JUnitReportReporter -->
<testsuite hostname="Jerusalem" name="com.github.grzesiek_galezowski.test_environment.LockingFunctionsWithGenericReturnTypeAssertionsSpecification" tests="5" failures="0" timestamp="28 Mar 2016 19:08:34 GMT" time="0.185" errors="0">
  <testcase name="shouldFailWhenFunctionIsSynchronizedButCalledWithWrongArguments" time="0.002" classname="com.github.grzesiek_galezowski.test_environment.LockingFunctionsWithGenericReturnTypeAssertionsSpecification"/>
  <testcase name="shouldFailWhenVoidMethodIsCalledCorrectlyButNotInSynchronizedBlock" time="0.001" classname="com.github.grzesiek_galezowski.test_environment.LockingFunctionsWithGenericReturnTypeAssertionsSpecification"/>
  <testcase name="shouldPassWhenFunctionIsCalledCorrectlyInSynchronizedBlock" time="0.001" classname="com.github.grzesiek_galezowski.test_environment.LockingFunctionsWithGenericReturnTypeAssertionsSpecification"/>
  <testcase name="shouldFailWhenFunctionIsNotCalledAtAll" time="0.180" classname="com.github.grzesiek_galezowski.test_environment.LockingFunctionsWithGenericReturnTypeAssertionsSpecification"/>
  <testcase name="shouldFailWhenFunctionIsSynchronizedButItsReturnValueIsNotPropagatedBack" time="0.001" classname="com.github.grzesiek_galezowski.test_environment.LockingFunctionsWithGenericReturnTypeAssertionsSpecification"/>
</testsuite> <!-- com.github.grzesiek_galezowski.test_environment.LockingFunctionsWithGenericReturnTypeAssertionsSpecification -->
