<?xml version="1.0" encoding="UTF-8"?>
<!-- Generated by org.testng.reporters.JUnitReportReporter -->
<testsuite hostname="Jerusalem" name="com.github.grzesiek_galezowski.test_environment.LockingFunctionsWithGenericReturnTypeAssertionsSpecification" tests="5" failures="0" timestamp="27 Mar 2016 21:48:20 GMT" time="0.354" errors="0">
  <testcase name="shouldFailWhenFunctionIsSynchronizedButItsReturnValueIsNotPropagatedBack" time="0.003" classname="com.github.grzesiek_galezowski.test_environment.LockingFunctionsWithGenericReturnTypeAssertionsSpecification"/>
  <testcase name="shouldPassWhenFunctionIsCalledCorrectlyInSynchronizedBlock" time="0.208" classname="com.github.grzesiek_galezowski.test_environment.LockingFunctionsWithGenericReturnTypeAssertionsSpecification"/>
  <testcase name="shouldFailWhenVoidMethodIsCalledCorrectlyButNotInSynchronizedBlock" time="0.002" classname="com.github.grzesiek_galezowski.test_environment.LockingFunctionsWithGenericReturnTypeAssertionsSpecification"/>
  <testcase name="shouldFailWhenFunctionIsSynchronizedButCalledWithWrongArguments" time="0.004" classname="com.github.grzesiek_galezowski.test_environment.LockingFunctionsWithGenericReturnTypeAssertionsSpecification"/>
  <testcase name="shouldFailWhenFunctionIsNotCalledAtAll" time="0.137" classname="com.github.grzesiek_galezowski.test_environment.LockingFunctionsWithGenericReturnTypeAssertionsSpecification"/>
</testsuite> <!-- com.github.grzesiek_galezowski.test_environment.LockingFunctionsWithGenericReturnTypeAssertionsSpecification -->
