<?xml version="1.0" encoding="UTF-8"?>
<!-- Generated by org.testng.reporters.JUnitReportReporter -->
<testsuite hostname="Jerusalem" name="com.github.grzesiek_galezowski.test_environment.XAssertSpecification" tests="5" failures="0" timestamp="28 Mar 2016 19:08:42 GMT" time="7.292" errors="0">
  <testcase name="shouldFailWhenAssertingThatNoExceptionShouldBeThrownButThereIs" time="0.026" classname="com.github.grzesiek_galezowski.test_environment.XAssertSpecification"/>
  <testcase name="shouldNotFailWhenAssertingThatNoExceptionShouldBeThrownAndThereIsNot" time="0.001" classname="com.github.grzesiek_galezowski.test_environment.XAssertSpecification"/>
  <testcase name="shouldAssertOnValueObjectBehaviorWithFluentSyntax" time="0.364" classname="com.github.grzesiek_galezowski.test_environment.XAssertSpecification"/>
  <testcase name="shouldAssertOnValueObjectBehavior" time="3.364" classname="com.github.grzesiek_galezowski.test_environment.XAssertSpecification"/>
  <testcase name="shouldPerformMutabilityChecksCorrectly" time="3.537" classname="com.github.grzesiek_galezowski.test_environment.XAssertSpecification"/>
</testsuite> <!-- com.github.grzesiek_galezowski.test_environment.XAssertSpecification -->
