<?xml version="1.0" encoding="UTF-8"?>
<!-- Generated by org.testng.reporters.JUnitReportReporter -->
<testsuite hostname="Jerusalem" name="com.github.grzesiek_galezowski.test_environment.XAssertAlikeSpecification" tests="4" failures="0" timestamp="27 Mar 2016 21:29:48 GMT" time="0.100" errors="0">
  <testcase name="shouldCorrectlyAssertOnObjectsUnlikeness" time="0.024" classname="com.github.grzesiek_galezowski.test_environment.XAssertAlikeSpecification"/>
  <testcase name="shouldCorrectlyAssertOnObjectsUnlikenessUsingConditions" time="0.001" classname="com.github.grzesiek_galezowski.test_environment.XAssertAlikeSpecification"/>
  <testcase name="shouldCorrectlyAssertOnObjectsLikeness" time="0.048" classname="com.github.grzesiek_galezowski.test_environment.XAssertAlikeSpecification"/>
  <testcase name="shouldCorrectlyAssertOnObjectsLikenessUsingConditions" time="0.027" classname="com.github.grzesiek_galezowski.test_environment.XAssertAlikeSpecification"/>
</testsuite> <!-- com.github.grzesiek_galezowski.test_environment.XAssertAlikeSpecification -->
