<?xml version="1.0" encoding="UTF-8"?>
<!-- Generated by org.testng.reporters.JUnitReportReporter -->
<testsuite hostname="Jerusalem" name="com.github.grzesiek_galezowski.test_environment.LockingVoidMethodAssertionsSpecification" tests="4" failures="0" timestamp="31 Mar 2016 05:14:58 GMT" time="0.088" errors="0">
  <testcase name="shouldFailWhenVoidMethodIsSynchronizedButCalledWithWrongArguments" time="0.067" classname="com.github.grzesiek_galezowski.test_environment.LockingVoidMethodAssertionsSpecification"/>
  <testcase name="shouldFailWhenVoidMethodIsNotCalledAtAll" time="0.016" classname="com.github.grzesiek_galezowski.test_environment.LockingVoidMethodAssertionsSpecification"/>
  <testcase name="shouldPassWhenVoidMethodIsCalledCorrectlyInSynchronizedBlock" time="0.001" classname="com.github.grzesiek_galezowski.test_environment.LockingVoidMethodAssertionsSpecification"/>
  <testcase name="shouldFailWhenVoidMethodIsCalledCorrectlyButNotInSynchronizedBlock" time="0.004" classname="com.github.grzesiek_galezowski.test_environment.LockingVoidMethodAssertionsSpecification"/>
</testsuite> <!-- com.github.grzesiek_galezowski.test_environment.LockingVoidMethodAssertionsSpecification -->
