<?xml version="1.0" encoding="UTF-8"?>
<!-- Generated by org.testng.reporters.JUnitReportReporter -->
<testsuite hostname="Jerusalem" name="com.github.grzesiek_galezowski.test_environment.XAssertSpecification" tests="5" failures="0" timestamp="2 Apr 2016 19:51:44 GMT" time="1.642" errors="0">
  <testcase name="shouldAssertOnValueObjectBehaviorWithFluentSyntax" time="0.174" classname="com.github.grzesiek_galezowski.test_environment.XAssertSpecification"/>
  <testcase name="shouldFailWhenAssertingThatNoExceptionShouldBeThrownButThereIs" time="0.039" classname="com.github.grzesiek_galezowski.test_environment.XAssertSpecification"/>
  <testcase name="shouldPerformMutabilityChecksCorrectly" time="0.910" classname="com.github.grzesiek_galezowski.test_environment.XAssertSpecification"/>
  <testcase name="shouldAssertOnValueObjectBehavior" time="0.518" classname="com.github.grzesiek_galezowski.test_environment.XAssertSpecification"/>
  <testcase name="shouldNotFailWhenAssertingThatNoExceptionShouldBeThrownAndThereIsNot" time="0.001" classname="com.github.grzesiek_galezowski.test_environment.XAssertSpecification"/>
</testsuite> <!-- com.github.grzesiek_galezowski.test_environment.XAssertSpecification -->
