<?xml version="1.0" encoding="UTF-8"?>
<!-- Generated by org.testng.reporters.JUnitReportReporter -->
<testsuite hostname="Jerusalem" name="com.github.grzesiek_galezowski.test_environment.LockingFunctionsWithGenericReturnTypeAssertionsSpecification" tests="5" failures="0" timestamp="29 May 2016 21:04:57 GMT" time="0.021" errors="0">
  <testcase name="shouldPassWhenFunctionIsCalledCorrectlyInSynchronizedBlock" time="0.002" classname="com.github.grzesiek_galezowski.test_environment.LockingFunctionsWithGenericReturnTypeAssertionsSpecification"/>
  <testcase name="shouldFailWhenFunctionIsNotCalledAtAll" time="0.013" classname="com.github.grzesiek_galezowski.test_environment.LockingFunctionsWithGenericReturnTypeAssertionsSpecification"/>
  <testcase name="shouldFailWhenFunctionIsSynchronizedButItsReturnValueIsNotPropagatedBack" time="0.002" classname="com.github.grzesiek_galezowski.test_environment.LockingFunctionsWithGenericReturnTypeAssertionsSpecification"/>
  <testcase name="shouldFailWhenFunctionIsSynchronizedButCalledWithWrongArguments" time="0.002" classname="com.github.grzesiek_galezowski.test_environment.LockingFunctionsWithGenericReturnTypeAssertionsSpecification"/>
  <testcase name="shouldFailWhenVoidMethodIsCalledCorrectlyButNotInSynchronizedBlock" time="0.002" classname="com.github.grzesiek_galezowski.test_environment.LockingFunctionsWithGenericReturnTypeAssertionsSpecification"/>
</testsuite> <!-- com.github.grzesiek_galezowski.test_environment.LockingFunctionsWithGenericReturnTypeAssertionsSpecification -->
