<?xml version="1.0" encoding="UTF-8"?>
<!-- Generated by org.testng.reporters.JUnitReportReporter -->
<testsuite hostname="Jerusalem" name="com.github.grzesiek_galezowski.test_environment.LockingFunctionsAssertionsSpecification" tests="5" failures="0" timestamp="28 Mar 2016 19:08:34 GMT" time="2.423" errors="0">
  <testcase name="shouldPassWhenFunctionIsCalledCorrectlyInSynchronizedBlock" time="0.001" classname="com.github.grzesiek_galezowski.test_environment.LockingFunctionsAssertionsSpecification"/>
  <testcase name="shouldFailWhenVoidMethodIsCalledCorrectlyButNotInSynchronizedBlock" time="0.001" classname="com.github.grzesiek_galezowski.test_environment.LockingFunctionsAssertionsSpecification"/>
  <testcase name="shouldFailWhenFunctionIsNotCalledAtAll" time="2.280" classname="com.github.grzesiek_galezowski.test_environment.LockingFunctionsAssertionsSpecification"/>
  <testcase name="shouldFailWhenFunctionIsSynchronizedButCalledWithWrongArguments" time="0.002" classname="com.github.grzesiek_galezowski.test_environment.LockingFunctionsAssertionsSpecification"/>
  <testcase name="shouldFailWhenFunctionIsSynchronizedButItsReturnValueIsNotPropagatedBack" time="0.139" classname="com.github.grzesiek_galezowski.test_environment.LockingFunctionsAssertionsSpecification"/>
</testsuite> <!-- com.github.grzesiek_galezowski.test_environment.LockingFunctionsAssertionsSpecification -->
