<?xml version="1.0" encoding="UTF-8"?>
<!-- Generated by org.testng.reporters.JUnitReportReporter -->
<testsuite hostname="Jerusalem" name="com.github.grzesiek_galezowski.test_environment.LockingVoidMethodAssertionsSpecification" tests="4" failures="0" timestamp="27 Mar 2016 21:48:45 GMT" time="0.452" errors="0">
  <testcase name="shouldFailWhenVoidMethodIsCalledCorrectlyButNotInSynchronizedBlock" time="0.199" classname="com.github.grzesiek_galezowski.test_environment.LockingVoidMethodAssertionsSpecification"/>
  <testcase name="shouldFailWhenVoidMethodIsNotCalledAtAll" time="0.009" classname="com.github.grzesiek_galezowski.test_environment.LockingVoidMethodAssertionsSpecification"/>
  <testcase name="shouldPassWhenVoidMethodIsCalledCorrectlyInSynchronizedBlock" time="0.238" classname="com.github.grzesiek_galezowski.test_environment.LockingVoidMethodAssertionsSpecification"/>
  <testcase name="shouldFailWhenVoidMethodIsSynchronizedButCalledWithWrongArguments" time="0.006" classname="com.github.grzesiek_galezowski.test_environment.LockingVoidMethodAssertionsSpecification"/>
</testsuite> <!-- com.github.grzesiek_galezowski.test_environment.LockingVoidMethodAssertionsSpecification -->
