<?xml version="1.0" encoding="UTF-8"?>
<!-- Generated by org.testng.reporters.JUnitReportReporter -->
<testsuite hostname="Jerusalem" name="com.github.grzesiek_galezowski.test_environment.implementation_details.LockAssertionsForReentrantWriteLockSpecification" tests="4" failures="0" timestamp="29 May 2016 21:04:57 GMT" time="0.001" errors="0">
  <testcase name="shouldNotThrowWhenAssertingThatUnlockedReentrantLockIsUnlocked" time="0.001" classname="com.github.grzesiek_galezowski.test_environment.implementation_details.LockAssertionsForReentrantWriteLockSpecification"/>
  <testcase name="shouldNotThrowWhenAssertingThatLockedReentrantLockIsLocked" time="0.000" classname="com.github.grzesiek_galezowski.test_environment.implementation_details.LockAssertionsForReentrantWriteLockSpecification"/>
  <testcase name="shouldThrowWhenAssertingThatUnlockedReentrantLockIsLocked" time="0.000" classname="com.github.grzesiek_galezowski.test_environment.implementation_details.LockAssertionsForReentrantWriteLockSpecification"/>
  <testcase name="shouldThrowWhenAssertingThatLockedReentrantLockIsUnlocked" time="0.000" classname="com.github.grzesiek_galezowski.test_environment.implementation_details.LockAssertionsForReentrantWriteLockSpecification"/>
</testsuite> <!-- com.github.grzesiek_galezowski.test_environment.implementation_details.LockAssertionsForReentrantWriteLockSpecification -->
