<?xml version="1.0" encoding="UTF-8"?>
<!-- Generated by org.testng.reporters.JUnitReportReporter -->
<testsuite hostname="Jerusalem" name="com.github.grzesiek_galezowski.test_environment.LockingFunctionsAssertionsSpecification" tests="5" failures="0" timestamp="29 May 2016 21:04:56 GMT" time="0.021" errors="0">
  <testcase name="shouldFailWhenFunctionIsSynchronizedButItsReturnValueIsNotPropagatedBack" time="0.012" classname="com.github.grzesiek_galezowski.test_environment.LockingFunctionsAssertionsSpecification"/>
  <testcase name="shouldPassWhenFunctionIsCalledCorrectlyInSynchronizedBlock" time="0.001" classname="com.github.grzesiek_galezowski.test_environment.LockingFunctionsAssertionsSpecification"/>
  <testcase name="shouldFailWhenVoidMethodIsCalledCorrectlyButNotInSynchronizedBlock" time="0.001" classname="com.github.grzesiek_galezowski.test_environment.LockingFunctionsAssertionsSpecification"/>
  <testcase name="shouldFailWhenFunctionIsNotCalledAtAll" time="0.006" classname="com.github.grzesiek_galezowski.test_environment.LockingFunctionsAssertionsSpecification"/>
  <testcase name="shouldFailWhenFunctionIsSynchronizedButCalledWithWrongArguments" time="0.001" classname="com.github.grzesiek_galezowski.test_environment.LockingFunctionsAssertionsSpecification"/>
</testsuite> <!-- com.github.grzesiek_galezowski.test_environment.LockingFunctionsAssertionsSpecification -->
