<?xml version="1.0" encoding="UTF-8"?>
<!-- Generated by org.testng.reporters.JUnitReportReporter -->
<testsuite hostname="Jerusalem" name="com.github.grzesiek_galezowski.test_environment.XAssertSpecification" tests="5" failures="0" timestamp="29 May 2016 17:11:44 GMT" time="1.158" errors="0">
  <testcase name="shouldFailWhenAssertingThatNoExceptionShouldBeThrownButThereIs" time="0.005" classname="com.github.grzesiek_galezowski.test_environment.XAssertSpecification"/>
  <testcase name="shouldAssertOnValueObjectBehaviorWithFluentSyntax" time="0.199" classname="com.github.grzesiek_galezowski.test_environment.XAssertSpecification"/>
  <testcase name="shouldPerformMutabilityChecksCorrectly" time="0.370" classname="com.github.grzesiek_galezowski.test_environment.XAssertSpecification"/>
  <testcase name="shouldAssertOnValueObjectBehavior" time="0.583" classname="com.github.grzesiek_galezowski.test_environment.XAssertSpecification"/>
  <testcase name="shouldNotFailWhenAssertingThatNoExceptionShouldBeThrownAndThereIsNot" time="0.001" classname="com.github.grzesiek_galezowski.test_environment.XAssertSpecification"/>
</testsuite> <!-- com.github.grzesiek_galezowski.test_environment.XAssertSpecification -->
