<?xml version="1.0" encoding="UTF-8"?>
<!-- Generated by org.testng.reporters.JUnitReportReporter -->
<testsuite hostname="Jerusalem" name="com.github.grzesiek_galezowski.test_environment.LockingVoidMethodAssertionsSpecification" tests="4" failures="0" timestamp="29 May 2016 21:04:56 GMT" time="0.252" errors="0">
  <testcase name="shouldFailWhenVoidMethodIsCalledCorrectlyButNotInSynchronizedBlock" time="0.230" classname="com.github.grzesiek_galezowski.test_environment.LockingVoidMethodAssertionsSpecification"/>
  <testcase name="shouldFailWhenVoidMethodIsNotCalledAtAll" time="0.012" classname="com.github.grzesiek_galezowski.test_environment.LockingVoidMethodAssertionsSpecification"/>
  <testcase name="shouldPassWhenVoidMethodIsCalledCorrectlyInSynchronizedBlock" time="0.002" classname="com.github.grzesiek_galezowski.test_environment.LockingVoidMethodAssertionsSpecification"/>
  <testcase name="shouldFailWhenVoidMethodIsSynchronizedButCalledWithWrongArguments" time="0.008" classname="com.github.grzesiek_galezowski.test_environment.LockingVoidMethodAssertionsSpecification"/>
</testsuite> <!-- com.github.grzesiek_galezowski.test_environment.LockingVoidMethodAssertionsSpecification -->
