<?xml version="1.0" encoding="UTF-8"?>
<!-- Generated by org.testng.reporters.JUnitReportReporter -->
<testsuite hostname="Jerusalem" name="com.github.grzesiek_galezowski.test_environment.XAssertSpecification" tests="5" failures="0" timestamp="29 May 2016 21:04:59 GMT" time="0.879" errors="0">
  <testcase name="shouldAssertOnValueObjectBehavior" time="0.423" classname="com.github.grzesiek_galezowski.test_environment.XAssertSpecification"/>
  <testcase name="shouldFailWhenAssertingThatNoExceptionShouldBeThrownButThereIs" time="0.003" classname="com.github.grzesiek_galezowski.test_environment.XAssertSpecification"/>
  <testcase name="shouldAssertOnValueObjectBehaviorWithFluentSyntax" time="0.128" classname="com.github.grzesiek_galezowski.test_environment.XAssertSpecification"/>
  <testcase name="shouldPerformMutabilityChecksCorrectly" time="0.324" classname="com.github.grzesiek_galezowski.test_environment.XAssertSpecification"/>
  <testcase name="shouldNotFailWhenAssertingThatNoExceptionShouldBeThrownAndThereIsNot" time="0.001" classname="com.github.grzesiek_galezowski.test_environment.XAssertSpecification"/>
</testsuite> <!-- com.github.grzesiek_galezowski.test_environment.XAssertSpecification -->
