<?xml version="1.0" encoding="UTF-8"?>
<!-- Generated by org.testng.reporters.JUnitReportReporter -->
<testsuite hostname="Jerusalem" name="com.github.grzesiek_galezowski.test_environment.XAssertAllSpecification" tests="2" failures="0" timestamp="2 Apr 2016 19:51:44 GMT" time="0.217" errors="0">
  <testcase name="shouldAllowMakingSoftAssertionsAndNotThrowAtTheEndWhenNoAssertionsFail" time="0.206" classname="com.github.grzesiek_galezowski.test_environment.XAssertAllSpecification"/>
  <testcase name="shouldAllowMakingSoftAssertionsAndThrowAtTheEnd" time="0.011" classname="com.github.grzesiek_galezowski.test_environment.XAssertAllSpecification"/>
</testsuite> <!-- com.github.grzesiek_galezowski.test_environment.XAssertAllSpecification -->
