<?xml version="1.0" encoding="UTF-8"?>
<!-- Generated by org.testng.reporters.JUnitReportReporter -->
<testsuite hostname="Jerusalem" name="com.github.grzesiek_galezowski.test_environment.implementation_details.LockAssertionsForReentrantWriteLockSpecification" tests="4" failures="0" timestamp="28 Mar 2016 19:19:23 GMT" time="0.157" errors="0">
  <testcase name="shouldNotThrowWhenAssertingThatUnlockedReentrantLockIsUnlocked" time="0.001" classname="com.github.grzesiek_galezowski.test_environment.implementation_details.LockAssertionsForReentrantWriteLockSpecification"/>
  <testcase name="shouldThrowWhenAssertingThatLockedReentrantLockIsUnlocked" time="0.005" classname="com.github.grzesiek_galezowski.test_environment.implementation_details.LockAssertionsForReentrantWriteLockSpecification"/>
  <testcase name="shouldNotThrowWhenAssertingThatLockedReentrantLockIsLocked" time="0.150" classname="com.github.grzesiek_galezowski.test_environment.implementation_details.LockAssertionsForReentrantWriteLockSpecification"/>
  <testcase name="shouldThrowWhenAssertingThatUnlockedReentrantLockIsLocked" time="0.001" classname="com.github.grzesiek_galezowski.test_environment.implementation_details.LockAssertionsForReentrantWriteLockSpecification"/>
</testsuite> <!-- com.github.grzesiek_galezowski.test_environment.implementation_details.LockAssertionsForReentrantWriteLockSpecification -->
