<?xml version="1.0" encoding="UTF-8"?>
<!-- Generated by org.testng.reporters.JUnitReportReporter -->
<testsuite hostname="Jerusalem" name="com.github.grzesiek_galezowski.test_environment.implementation_details.LockAssertionsForReentrantLockSpecification" tests="4" failures="0" timestamp="29 May 2016 21:00:04 GMT" time="0.002" errors="0">
  <testcase name="shouldNotThrowWhenAssertingThatUnlockedReentrantLockIsUnlocked" time="0.000" classname="com.github.grzesiek_galezowski.test_environment.implementation_details.LockAssertionsForReentrantLockSpecification"/>
  <testcase name="shouldNotThrowWhenAssertingThatLockedReentrantLockIsLocked" time="0.001" classname="com.github.grzesiek_galezowski.test_environment.implementation_details.LockAssertionsForReentrantLockSpecification"/>
  <testcase name="shouldThrowWhenAssertingThatUnlockedReentrantLockIsLocked" time="0.001" classname="com.github.grzesiek_galezowski.test_environment.implementation_details.LockAssertionsForReentrantLockSpecification"/>
  <testcase name="shouldThrowWhenAssertingThatLockedReentrantLockIsUnlocked" time="0.000" classname="com.github.grzesiek_galezowski.test_environment.implementation_details.LockAssertionsForReentrantLockSpecification"/>
</testsuite> <!-- com.github.grzesiek_galezowski.test_environment.implementation_details.LockAssertionsForReentrantLockSpecification -->
